[INFO] Scanning for projects...
[INFO] 
[INFO] ----------------------< com.ecom:productcatalog >-----------------------
[INFO] Building productcatalog 0.0.1-SNAPSHOT
[INFO]   from pom.xml
[INFO] --------------------------------[ jar ]---------------------------------
[INFO] 
[INFO] >>> spring-boot:3.2.11:run (default-cli) > test-compile @ productcatalog >>>
[INFO] 
[INFO] --- resources:3.3.1:resources (default-resources) @ productcatalog ---
[INFO] Copying 1 resource from src\main\resources to target\classes
[INFO] Copying 0 resource from src\main\resources to target\classes
[INFO] 
[INFO] --- compiler:3.11.0:compile (default-compile) @ productcatalog ---
[INFO] Changes detected - recompiling the module! :source
[INFO] Compiling 10 source files with javac [debug release 17] to target\classes
[INFO] 
[INFO] --- resources:3.3.1:testResources (default-testResources) @ productcatalog ---
[INFO] skip non existing resourceDirectory K:\productcatalog\src\test\resources
[INFO] 
[INFO] --- compiler:3.11.0:testCompile (default-testCompile) @ productcatalog ---
[INFO] Changes detected - recompiling the module! :dependency
[INFO] Compiling 1 source file with javac [debug release 17] to target\test-classes
[INFO] 
[INFO] <<< spring-boot:3.2.11:run (default-cli) < test-compile @ productcatalog <<<
[INFO] 
[INFO] 
[INFO] --- spring-boot:3.2.11:run (default-cli) @ productcatalog ---
[INFO] Attaching agents: []

  .   ____          _            __ _ _
 /\\ / ___'_ __ _ _(_)_ __  __ _ \ \ \ \
( ( )\___ | '_ | '_| | '_ \/ _` | \ \ \ \
 \\/  ___)| |_)| | | | | || (_| |  ) ) ) )
  '  |____| .__|_| |_|_| |_\__, | / / / /
 =========|_|==============|___/=/_/_/_/
 :: Spring Boot ::               (v3.2.11)

2026-05-17T11:46:27.264+05:30  INFO 5012 --- [productcatalog] [           main] c.e.p.ProductcatalogApplication          : Starting ProductcatalogApplication using Java 25.0.2 with PID 5012 (K:\productcatalog\target\classes started by kutty in K:\productcatalog)
2026-05-17T11:46:27.267+05:30  INFO 5012 --- [productcatalog] [           main] c.e.p.ProductcatalogApplication          : No active profile set, falling back to 1 default profile: "default"
2026-05-17T11:46:27.750+05:30  INFO 5012 --- [productcatalog] [           main] .s.d.r.c.RepositoryConfigurationDelegate : Bootstrapping Spring Data JPA repositories in DEFAULT mode.
2026-05-17T11:46:27.798+05:30  INFO 5012 --- [productcatalog] [           main] .s.d.r.c.RepositoryConfigurationDelegate : Finished Spring Data repository scanning in 41 ms. Found 2 JPA repository interfaces.
WARNING: A restricted method in java.lang.System has been called
WARNING: java.lang.System::load has been called by org.apache.tomcat.jni.Library in an unnamed module (file:/C:/Users/kutty/.m2/repository/org/apache/tomcat/embed/tomcat-embed-core/10.1.31/tomcat-embed-core-10.1.31.jar)
WARNING: Use --enable-native-access=ALL-UNNAMED to avoid a warning for callers in this module
WARNING: Restricted methods will be blocked in a future release unless native access is enabled

2026-05-17T11:46:28.189+05:30  INFO 5012 --- [productcatalog] [           main] o.s.b.w.embedded.tomcat.TomcatWebServer  : Tomcat initialized with port 8080 (http)
2026-05-17T11:46:28.201+05:30  INFO 5012 --- [productcatalog] [           main] o.apache.catalina.core.StandardService   : Starting service [Tomcat]
2026-05-17T11:46:28.202+05:30  INFO 5012 --- [productcatalog] [           main] o.apache.catalina.core.StandardEngine    : Starting Servlet engine: [Apache Tomcat/10.1.31]
2026-05-17T11:46:28.250+05:30  INFO 5012 --- [productcatalog] [           main] o.a.c.c.C.[Tomcat].[localhost].[/]       : Initializing Spring embedded WebApplicationContext
2026-05-17T11:46:28.251+05:30  INFO 5012 --- [productcatalog] [           main] w.s.c.ServletWebServerApplicationContext : Root WebApplicationContext: initialization completed in 938 ms
2026-05-17T11:46:28.361+05:30  INFO 5012 --- [productcatalog] [           main] o.hibernate.jpa.internal.util.LogHelper  : HHH000204: Processing PersistenceUnitInfo [name: default]
2026-05-17T11:46:28.396+05:30  INFO 5012 --- [productcatalog] [           main] org.hibernate.Version                    : HHH000412: Hibernate ORM core version 6.4.10.Final
2026-05-17T11:46:28.418+05:30  INFO 5012 --- [productcatalog] [           main] o.h.c.internal.RegionFactoryInitiator    : HHH000026: Second-level cache disabled
2026-05-17T11:46:28.588+05:30  INFO 5012 --- [productcatalog] [           main] o.s.o.j.p.SpringPersistenceUnitInfo      : No LoadTimeWeaver setup: ignoring JPA class transformer
2026-05-17T11:46:28.609+05:30  INFO 5012 --- [productcatalog] [           main] com.zaxxer.hikari.HikariDataSource       : HikariPool-1 - Starting...
2026-05-17T11:46:28.896+05:30  INFO 5012 --- [productcatalog] [           main] com.zaxxer.hikari.pool.HikariPool        : HikariPool-1 - Added connection com.mysql.cj.jdbc.ConnectionImpl@5cce40d7
2026-05-17T11:46:28.901+05:30  INFO 5012 --- [productcatalog] [           main] com.zaxxer.hikari.HikariDataSource       : HikariPool-1 - Start completed.
2026-05-17T11:46:28.935+05:30  WARN 5012 --- [productcatalog] [           main] org.hibernate.orm.deprecation            : HHH90000025: MySQLDialect does not need to be specified explicitly using 'hibernate.dialect' (remove the property setting and it will be selected by default)
2026-05-17T11:46:29.617+05:30  INFO 5012 --- [productcatalog] [           main] o.h.e.t.j.p.i.JtaPlatformInitiator       : HHH000489: No JTA platform available (set 'hibernate.transaction.jta.platform' to enable JTA platform integration)
2026-05-17T11:46:29.672+05:30  INFO 5012 --- [productcatalog] [           main] j.LocalContainerEntityManagerFactoryBean : Initialized JPA EntityManagerFactory for persistence unit 'default'
2026-05-17T11:46:29.948+05:30  WARN 5012 --- [productcatalog] [           main] JpaBaseConfiguration$JpaWebConfiguration : spring.jpa.open-in-view is enabled by default. Therefore, database queries may be performed during view rendering. Explicitly configure spring.jpa.open-in-view to disable this warning
2026-05-17T11:46:30.210+05:30  INFO 5012 --- [productcatalog] [           main] o.s.b.w.embedded.tomcat.TomcatWebServer  : Tomcat started on port 8080 (http) with context path ''
2026-05-17T11:46:30.217+05:30  INFO 5012 --- [productcatalog] [           main] c.e.p.ProductcatalogApplication          : Started ProductcatalogApplication in 3.266 seconds (process running for 3.551)
2026-05-17T11:46:52.120+05:30  INFO 5012 --- [productcatalog] [nio-8080-exec-1] o.a.c.c.C.[Tomcat].[localhost].[/]       : Initializing Spring DispatcherServlet 'dispatcherServlet'
2026-05-17T11:46:52.121+05:30  INFO 5012 --- [productcatalog] [nio-8080-exec-1] o.s.web.servlet.DispatcherServlet        : Initializing Servlet 'dispatcherServlet'
2026-05-17T11:46:52.122+05:30  INFO 5012 --- [productcatalog] [nio-8080-exec-1] o.s.web.servlet.DispatcherServlet        : Completed initialization in 1 ms
[INFO] ------------------------------------------------------------------------
[INFO] BUILD FAILURE
[INFO] ------------------------------------------------------------------------
[INFO] Total time:  13:32 min
[INFO] Finished at: 2026-05-17T11:59:55+05:30
[INFO] ------------------------------------------------------------------------
[ERROR] Failed to execute goal org.springframework.boot:spring-boot-maven-plugin:3.2.11:run (default-cli) on project productcatalog: Process terminated with exit code: -1 -> [Help 1]
[ERROR] 
[ERROR] To see the full stack trace of the errors, re-run Maven with the -e switch.
[ERROR] Re-run Maven using the -X switch to enable full debug logging.
[ERROR] 
[ERROR] For more information about the errors and possible solutions, please read the following articles:
[ERROR] [Help 1] http://cwiki.apache.org/confluence/display/MAVEN/MojoExecutionException
